C:\USERS\IGOR\DOCUMENTS\VISUAL STUDIO 2012\PROJECTS\ASSIGNMENT3\ASSIGNMENT3\DEBUG\ASSIGNMENT3.PCH
C:\USERS\IGOR\DOCUMENTS\VISUAL STUDIO 2012\PROJECTS\ASSIGNMENT3\ASSIGNMENT3\DEBUG\STDAFX.OBJ
C:\USERS\IGOR\DOCUMENTS\VISUAL STUDIO 2012\PROJECTS\ASSIGNMENT3\ASSIGNMENT3\DEBUG\VC110.PDB
C:\USERS\IGOR\DOCUMENTS\VISUAL STUDIO 2012\PROJECTS\ASSIGNMENT3\ASSIGNMENT3\DEBUG\ASSIGNMENT3.OBJ
c:\Users\Igor\documents\visual studio 2012\Projects\Assignment3\Assignment3\Debug\Assignment3.obj
c:\Users\Igor\documents\visual studio 2012\Projects\Assignment3\Assignment3\Debug\stdafx.obj
c:\Users\Igor\documents\visual studio 2012\Projects\Assignment3\Assignment3\Debug\cl.command.1.tlog
c:\Users\Igor\documents\visual studio 2012\Projects\Assignment3\Assignment3\Debug\CL.read.1.tlog
c:\Users\Igor\documents\visual studio 2012\Projects\Assignment3\Assignment3\Debug\CL.write.1.tlog
c:\Users\Igor\documents\visual studio 2012\Projects\Assignment3\Assignment3\Debug\link-cvtres.read.1.tlog
c:\Users\Igor\documents\visual studio 2012\Projects\Assignment3\Assignment3\Debug\link-cvtres.write.1.tlog
c:\Users\Igor\documents\visual studio 2012\Projects\Assignment3\Assignment3\Debug\link-rc.read.1.tlog
c:\Users\Igor\documents\visual studio 2012\Projects\Assignment3\Assignment3\Debug\link-rc.write.1.tlog
c:\Users\Igor\documents\visual studio 2012\Projects\Assignment3\Assignment3\Debug\link.2312-cvtres.read.1.tlog
c:\Users\Igor\documents\visual studio 2012\Projects\Assignment3\Assignment3\Debug\link.2312-cvtres.write.1.tlog
c:\Users\Igor\documents\visual studio 2012\Projects\Assignment3\Assignment3\Debug\link.2312-rc.read.1.tlog
c:\Users\Igor\documents\visual studio 2012\Projects\Assignment3\Assignment3\Debug\link.2312-rc.write.1.tlog
c:\Users\Igor\documents\visual studio 2012\Projects\Assignment3\Assignment3\Debug\link.2312.read.1.tlog
c:\Users\Igor\documents\visual studio 2012\Projects\Assignment3\Assignment3\Debug\link.2312.write.1.tlog
c:\Users\Igor\documents\visual studio 2012\Projects\Assignment3\Assignment3\Debug\link.4044-cvtres.read.1.tlog
c:\Users\Igor\documents\visual studio 2012\Projects\Assignment3\Assignment3\Debug\link.4044-cvtres.write.1.tlog
c:\Users\Igor\documents\visual studio 2012\Projects\Assignment3\Assignment3\Debug\link.4044-rc.read.1.tlog
c:\Users\Igor\documents\visual studio 2012\Projects\Assignment3\Assignment3\Debug\link.4044-rc.write.1.tlog
c:\Users\Igor\documents\visual studio 2012\Projects\Assignment3\Assignment3\Debug\link.4044.read.1.tlog
c:\Users\Igor\documents\visual studio 2012\Projects\Assignment3\Assignment3\Debug\link.4044.write.1.tlog
c:\Users\Igor\documents\visual studio 2012\Projects\Assignment3\Assignment3\Debug\link.command.1.tlog
c:\Users\Igor\documents\visual studio 2012\Projects\Assignment3\Assignment3\Debug\link.read.1.tlog
c:\Users\Igor\documents\visual studio 2012\Projects\Assignment3\Assignment3\Debug\link.write.1.tlog
c:\Users\Igor\documents\visual studio 2012\Projects\Assignment3\Assignment3\Debug\Assignment3.pch
c:\Users\Igor\documents\visual studio 2012\Projects\Assignment3\Assignment3\Debug\vc110.idb
c:\Users\Igor\documents\visual studio 2012\Projects\Assignment3\Assignment3\Debug\vc110.pdb
c:\users\igor\documents\visual studio 2012\Projects\Assignment3\Debug\Assignment3.pdb
